2018-09-24 18:44:16,846	anonymous	/policies/google/	Google_current	START	getDocument	
2018-09-24 18:44:16,869	anonymous	/policies/google/	Google_current	FINISH	getDocument	
2018-09-24 18:47:36,897	anonymous	/policies/google/	Google_current	START	getDocument	
2018-09-24 18:47:36,930	anonymous	/policies/google/	Google_current	FINISH	getDocument	
2018-09-24 18:47:49,954	anonymous	/policies/google/	Google_current	START	getDocument	
2018-09-24 18:47:49,985	anonymous	/policies/google/	Google_current	FINISH	getDocument	
2018-09-24 18:47:58,250	anonymous	/policies/google/	Google_current	START	getDocument	
2018-09-24 18:47:58,267	anonymous	/policies/google/	Google_current	FINISH	getDocument	
2018-09-24 18:48:41,805	anonymous	/policies/google/	Google_current	START	getDocument	
2018-09-24 18:48:41,825	anonymous	/policies/google/	Google_current	FINISH	getDocument	
2018-09-24 18:48:46,563	anonymous	/policies/google/	Google_current	START	getDocument	
2018-09-24 18:48:46,581	anonymous	/policies/google/	Google_current	FINISH	getDocument	
2018-09-24 18:49:01,425	crunchy	/policies/google/	Google_current	START	spanSelected	
2018-09-24 18:49:01,425	crunchy	/policies/google/	Google_current	FINISH	spanSelected	
2018-09-24 18:49:02,553	crunchy	/policies/google/	Google_current	START	createSpan	[[77,85]]	Attribute	{"Negation":false}	[]	None	None
2018-09-24 18:49:02,585	crunchy	/policies/google/	Google_current	FINISH	createSpan	[[77,85]]	Attribute	{"Negation":false}	[]	None	None
2018-09-24 18:49:05,950	crunchy	/policies/google/	Google_current	START	spanSelected	
2018-09-24 18:49:05,951	crunchy	/policies/google/	Google_current	FINISH	spanSelected	
2018-09-24 18:49:09,706	crunchy	/policies/google/	Google_current	START	spanEditSelected	
2018-09-24 18:49:09,707	crunchy	/policies/google/	Google_current	FINISH	spanEditSelected	
2018-09-24 18:49:11,971	crunchy	/policies/google/	Google_current	START	deleteSpan	T1
2018-09-24 18:49:12,001	crunchy	/policies/google/	Google_current	FINISH	deleteSpan	T1
2018-09-24 18:49:12,728	crunchy	/policies/google/	Google_current	START	spanSelected	
2018-09-24 18:49:12,729	crunchy	/policies/google/	Google_current	FINISH	spanSelected	
2018-09-24 18:49:17,194	crunchy	/policies/google/	Google_current	START	createSpan	[[0,2]]	Attribute	{"Negation":false}	[]	None	None
2018-09-24 18:49:17,227	crunchy	/policies/google/	Google_current	FINISH	createSpan	[[0,2]]	Attribute	{"Negation":false}	[]	None	None
2018-09-24 18:50:46,494	crunchy	/policies/google/	Google_current	START	spanSelected	
2018-09-24 18:50:46,494	crunchy	/policies/google/	Google_current	FINISH	spanSelected	
2018-09-24 18:50:47,744	crunchy	/policies/google/	Google_current	START	createSpan	[[3,5]]	Attribute	{"Negation":false}	[]	None	None
2018-09-24 18:50:47,778	crunchy	/policies/google/	Google_current	FINISH	createSpan	[[3,5]]	Attribute	{"Negation":false}	[]	None	None
2018-09-24 18:51:23,535	crunchy	/policies/google/	Google_current	START	spanSelected	
2018-09-24 18:51:23,535	crunchy	/policies/google/	Google_current	FINISH	spanSelected	
2018-09-24 18:53:52,353	crunchy	/policies/google/	Google_current	START	arcSelected	
2018-09-24 18:53:52,354	crunchy	/policies/google/	Google_current	FINISH	arcSelected	
2018-09-24 18:54:24,813	crunchy	/policies/google/	Google_current	START	createArc	T1	T2	Flow	None	None	None	None
2018-09-24 18:54:24,849	crunchy	/policies/google/	Google_current	FINISH	createArc	T1	T2	Flow	None	None	None	None
2018-09-25 09:33:21,373	crunchy	/policies/google/	Google_current	START	spanSelected	
2018-09-25 09:33:21,373	crunchy	/policies/google/	Google_current	FINISH	spanSelected	
2018-09-25 09:41:10,482	crunchy	/policies/google/	Google_current	START	spanSelected	
2018-09-25 09:41:10,482	crunchy	/policies/google/	Google_current	FINISH	spanSelected	
2018-09-25 09:41:15,617	crunchy	/policies/google/	Google_current	START	createSpan	[[90,101]]	Recipient	{"Negation":false}	[]	None	None
2018-09-25 09:41:15,657	crunchy	/policies/google/	Google_current	FINISH	createSpan	[[90,101]]	Recipient	{"Negation":false}	[]	None	None
2018-09-25 09:41:29,941	crunchy	/policies/google/	Google_current	START	spanSelected	
2018-09-25 09:41:29,941	crunchy	/policies/google/	Google_current	FINISH	spanSelected	
2018-09-25 09:41:32,470	crunchy	/policies/google/	Google_current	START	createSpan	[[113,121]]	Sender	{"Negation":false}	[]	None	None
2018-09-25 09:41:32,500	crunchy	/policies/google/	Google_current	FINISH	createSpan	[[113,121]]	Sender	{"Negation":false}	[]	None	None
2018-09-25 09:41:38,480	crunchy	/policies/google/	Google_current	START	spanSelected	
2018-09-25 09:41:38,481	crunchy	/policies/google/	Google_current	FINISH	spanSelected	
2018-09-25 09:41:41,410	crunchy	/policies/google/	Google_current	START	createSpan	[[77,131]]	Transmission-Principle	{"Negation":false}	[]	None	None
2018-09-25 09:41:41,441	crunchy	/policies/google/	Google_current	FINISH	createSpan	[[77,131]]	Transmission-Principle	{"Negation":false}	[]	None	None
2018-09-25 09:41:46,979	crunchy	/policies/google/	Google_current	START	spanSelected	
2018-09-25 09:41:46,979	crunchy	/policies/google/	Google_current	FINISH	spanSelected	
2018-09-25 09:41:48,362	crunchy	/policies/google/	Google_current	START	createSpan	[[141,148]]	Attribute	{"Negation":false}	[]	None	None
2018-09-25 09:41:48,394	crunchy	/policies/google/	Google_current	FINISH	createSpan	[[141,148]]	Attribute	{"Negation":false}	[]	None	None
2018-09-25 09:41:51,852	crunchy	/policies/google/	Google_current	START	arcSelected	
2018-09-25 09:41:51,852	crunchy	/policies/google/	Google_current	FINISH	arcSelected	
2018-09-25 09:41:52,998	crunchy	/policies/google/	Google_current	START	createArc	T6	T4	Flow	None	None	None	None
2018-09-25 09:41:53,030	crunchy	/policies/google/	Google_current	FINISH	createArc	T6	T4	Flow	None	None	None	None
2018-09-25 09:41:55,236	crunchy	/policies/google/	Google_current	START	arcSelected	
2018-09-25 09:41:55,236	crunchy	/policies/google/	Google_current	FINISH	arcSelected	
2018-09-25 09:41:56,371	crunchy	/policies/google/	Google_current	START	createArc	T4	T3	Flow	None	None	None	None
2018-09-25 09:41:56,402	crunchy	/policies/google/	Google_current	FINISH	createArc	T4	T3	Flow	None	None	None	None
2018-09-25 09:42:01,741	crunchy	/policies/google/	Google_current	START	arcSelected	
2018-09-25 09:42:01,742	crunchy	/policies/google/	Google_current	FINISH	arcSelected	
2018-09-25 09:42:02,938	crunchy	/policies/google/	Google_current	START	createArc	T5	T4	Flow	None	None	None	None
2018-09-25 09:42:02,970	crunchy	/policies/google/	Google_current	FINISH	createArc	T5	T4	Flow	None	None	None	None
2018-09-25 09:42:37,047	crunchy	/policies/google/	Google_current	START	getDocument	
2018-09-25 09:42:37,066	crunchy	/policies/google/	Google_current	FINISH	getDocument	
2018-09-25 09:42:40,160	crunchy	/policies/google/	Google_current	START	spanSelected	
2018-09-25 09:42:40,160	crunchy	/policies/google/	Google_current	FINISH	spanSelected	
2018-09-25 09:42:42,863	crunchy	/policies/google/	Google_current	START	createSpan	[[200,206]]	Sender	{"Negation":false}	[]	None	None
2018-09-25 09:42:42,893	crunchy	/policies/google/	Google_current	FINISH	createSpan	[[200,206]]	Sender	{"Negation":false}	[]	None	None
2018-09-25 09:42:52,342	crunchy	/policies/google/	Google_current	START	spanSelected	
2018-09-25 09:42:52,342	crunchy	/policies/google/	Google_current	FINISH	spanSelected	
2018-09-25 09:42:59,295	crunchy	/policies/google/	Google_current	START	spanSelected	
2018-09-25 09:42:59,295	crunchy	/policies/google/	Google_current	FINISH	spanSelected	
2018-09-25 09:43:01,327	crunchy	/policies/google/	Google_current	START	createSpan	[[211,217]]	Subject	{"Negation":false}	[]	None	None
2018-09-25 09:43:01,358	crunchy	/policies/google/	Google_current	FINISH	createSpan	[[211,217]]	Subject	{"Negation":false}	[]	None	None
2018-09-25 09:43:03,295	crunchy	/policies/google/	Google_current	START	arcSelected	
2018-09-25 09:43:03,295	crunchy	/policies/google/	Google_current	FINISH	arcSelected	
2018-09-25 09:43:04,483	crunchy	/policies/google/	Google_current	START	createArc	T8	T7	Flow	None	None	None	None
2018-09-25 09:43:04,516	crunchy	/policies/google/	Google_current	FINISH	createArc	T8	T7	Flow	None	None	None	None
2018-09-25 09:44:06,593	crunchy	/policies/google/	Google_current	START	getDocument	
2018-09-25 09:44:06,613	crunchy	/policies/google/	Google_current	FINISH	getDocument	
2018-09-25 09:44:38,595	crunchy	/policies/google/	Google_current	START	arcEditSelected	
2018-09-25 09:44:38,595	crunchy	/policies/google/	Google_current	FINISH	arcEditSelected	
2018-09-25 09:44:48,539	crunchy	/policies/google/	Google_current	START	deleteArc	T5	T4	Flow
2018-09-25 09:44:48,569	crunchy	/policies/google/	Google_current	FINISH	deleteArc	T5	T4	Flow
2018-09-25 09:44:51,658	crunchy	/policies/google/	Google_current	START	spanEditSelected	
2018-09-25 09:44:51,658	crunchy	/policies/google/	Google_current	FINISH	spanEditSelected	
2018-09-25 09:44:53,880	crunchy	/policies/google/	Google_current	START	deleteSpan	T5
2018-09-25 09:44:53,910	crunchy	/policies/google/	Google_current	FINISH	deleteSpan	T5
2018-09-25 09:45:12,835	crunchy	/policies/google/	Google_current	START	arcSelected	
2018-09-25 09:45:12,836	crunchy	/policies/google/	Google_current	FINISH	arcSelected	
2018-09-25 09:45:13,928	crunchy	/policies/google/	Google_current	START	createArc	T4	T6	Flow	None	None	None	None
2018-09-25 09:45:13,961	crunchy	/policies/google/	Google_current	FINISH	createArc	T4	T6	Flow	None	None	None	None
2018-09-25 09:58:31,358	crunchy	/policies/google/	Google_current	START	spanSelected	
2018-09-25 09:58:31,358	crunchy	/policies/google/	Google_current	FINISH	spanSelected	
2018-09-25 09:58:35,465	crunchy	/policies/google/	Google_current	START	spanSelected	
2018-09-25 09:58:35,466	crunchy	/policies/google/	Google_current	FINISH	spanSelected	
2018-09-25 09:58:39,209	crunchy	/policies/google/	Google_current	START	spanSelected	
2018-09-25 09:58:39,209	crunchy	/policies/google/	Google_current	FINISH	spanSelected	
2018-09-25 10:18:54,723	anonymous	/policies/google/	Google_current	START	getDocument	
2018-09-25 10:18:54,743	anonymous	/policies/google/	Google_current	FINISH	getDocument	
2018-09-25 10:19:34,623	anonymous	/policies/google/	Google_current	START	getDocument	
2018-09-25 10:19:34,640	anonymous	/policies/google/	Google_current	FINISH	getDocument	
2018-09-25 10:20:26,398	crunchy	/policies/google/	Google_current	START	spanSelected	
2018-09-25 10:20:26,399	crunchy	/policies/google/	Google_current	FINISH	spanSelected	
2018-09-25 10:22:45,398	crunchy	/policies/google/	Google_current	START	spanSelected	
2018-09-25 10:22:45,398	crunchy	/policies/google/	Google_current	FINISH	spanSelected	
2018-09-25 10:22:47,158	crunchy	/policies/google/	Google_current	START	createSpan	[[247,254]]	Transmission-Principle	{"Negation":false}	[]	None	None
2018-09-25 10:22:47,192	crunchy	/policies/google/	Google_current	FINISH	createSpan	[[247,254]]	Transmission-Principle	{"Negation":false}	[]	None	None
2018-09-25 10:22:51,534	crunchy	/policies/google/	Google_current	START	spanSelected	
2018-09-25 10:22:51,534	crunchy	/policies/google/	Google_current	FINISH	spanSelected	
2018-09-25 10:22:54,710	crunchy	/policies/google/	Google_current	START	createSpan	[[262,271]]	Sender	{"Negation":false}	[]	None	None
2018-09-25 10:22:54,743	crunchy	/policies/google/	Google_current	FINISH	createSpan	[[262,271]]	Sender	{"Negation":false}	[]	None	None
2018-09-25 10:23:00,810	crunchy	/policies/google/	Google_current	START	spanEditSelected	
2018-09-25 10:23:00,811	crunchy	/policies/google/	Google_current	FINISH	spanEditSelected	
2018-09-25 10:23:03,324	crunchy	/policies/google/	Google_current	START	createSpan	[[211,217]]	Subject	{"Negation":true}	[]	T8	None
2018-09-25 10:23:03,355	crunchy	/policies/google/	Google_current	FINISH	createSpan	[[211,217]]	Subject	{"Negation":true}	[]	T8	None
2018-09-25 10:23:14,270	crunchy	/policies/google/	Google_current	START	spanEditSelected	
2018-09-25 10:23:14,270	crunchy	/policies/google/	Google_current	FINISH	spanEditSelected	
2018-09-25 10:23:16,182	crunchy	/policies/google/	Google_current	START	createSpan	[[211,217]]	Subject	{"Negation":false}	[]	T8	None
2018-09-25 10:23:16,214	crunchy	/policies/google/	Google_current	FINISH	createSpan	[[211,217]]	Subject	{"Negation":false}	[]	T8	None
2018-09-25 10:25:48,348	crunchy	/policies/google/	Google_current	START	arcSelected	
2018-09-25 10:25:48,348	crunchy	/policies/google/	Google_current	FINISH	arcSelected	
2018-09-25 10:25:49,659	crunchy	/policies/google/	Google_current	START	createArc	T5	T9	Flow	None	None	None	None
2018-09-25 10:25:49,692	crunchy	/policies/google/	Google_current	FINISH	createArc	T5	T9	Flow	None	None	None	None
2018-09-25 13:45:05,855	crunchy	/policies/google/	Google_current	START	spanSelected	
2018-09-25 13:45:05,855	crunchy	/policies/google/	Google_current	FINISH	spanSelected	
2018-09-25 13:45:10,700	crunchy	/policies/google/	Google_current	START	arcEditSelected	
2018-09-25 13:45:10,700	crunchy	/policies/google/	Google_current	FINISH	arcEditSelected	
2018-09-25 13:45:12,916	crunchy	/policies/google/	Google_current	START	deleteArc	T1	T2	Flow
2018-09-25 13:45:12,955	crunchy	/policies/google/	Google_current	FINISH	deleteArc	T1	T2	Flow
2018-09-25 13:45:15,844	crunchy	/policies/google/	Google_current	START	spanEditSelected	
2018-09-25 13:45:15,844	crunchy	/policies/google/	Google_current	FINISH	spanEditSelected	
2018-09-25 13:45:18,488	crunchy	/policies/google/	Google_current	START	deleteSpan	T2
2018-09-25 13:45:18,520	crunchy	/policies/google/	Google_current	FINISH	deleteSpan	T2
2018-09-25 13:47:46,749	crunchy	/policies/google/	Google_current	START	spanEditSelected	
2018-09-25 13:47:46,749	crunchy	/policies/google/	Google_current	FINISH	spanEditSelected	
2018-09-25 13:47:48,660	crunchy	/policies/google/	Google_current	START	deleteSpan	T3
2018-09-25 13:47:48,693	crunchy	/policies/google/	Google_current	FINISH	deleteSpan	T3
2018-09-25 13:47:49,525	crunchy	/policies/google/	Google_current	START	spanEditSelected	
2018-09-25 13:47:49,525	crunchy	/policies/google/	Google_current	FINISH	spanEditSelected	
2018-09-25 13:47:50,753	crunchy	/policies/google/	Google_current	START	deleteSpan	T4
2018-09-25 13:47:50,784	crunchy	/policies/google/	Google_current	FINISH	deleteSpan	T4
2018-09-25 13:47:55,199	crunchy	/policies/google/	Google_current	START	spanEditSelected	
2018-09-25 13:47:55,199	crunchy	/policies/google/	Google_current	FINISH	spanEditSelected	
2018-09-25 13:47:56,286	crunchy	/policies/google/	Google_current	START	deleteSpan	T6
2018-09-25 13:47:56,317	crunchy	/policies/google/	Google_current	FINISH	deleteSpan	T6
2018-09-25 13:47:57,752	crunchy	/policies/google/	Google_current	START	spanEditSelected	
2018-09-25 13:47:57,752	crunchy	/policies/google/	Google_current	FINISH	spanEditSelected	
2018-09-25 13:47:58,556	crunchy	/policies/google/	Google_current	START	deleteSpan	T5
2018-09-25 13:47:58,587	crunchy	/policies/google/	Google_current	FINISH	deleteSpan	T5
2018-09-25 13:48:00,586	crunchy	/policies/google/	Google_current	START	spanEditSelected	
2018-09-25 13:48:00,586	crunchy	/policies/google/	Google_current	FINISH	spanEditSelected	
2018-09-25 13:48:01,530	crunchy	/policies/google/	Google_current	START	deleteSpan	T9
2018-09-25 13:48:01,560	crunchy	/policies/google/	Google_current	FINISH	deleteSpan	T9
2018-09-25 13:48:04,106	crunchy	/policies/google/	Google_current	START	spanEditSelected	
2018-09-25 13:48:04,106	crunchy	/policies/google/	Google_current	FINISH	spanEditSelected	
2018-09-25 13:48:05,102	crunchy	/policies/google/	Google_current	START	deleteSpan	T8
2018-09-25 13:48:05,131	crunchy	/policies/google/	Google_current	FINISH	deleteSpan	T8
2018-09-25 13:48:06,145	crunchy	/policies/google/	Google_current	START	spanEditSelected	
2018-09-25 13:48:06,146	crunchy	/policies/google/	Google_current	FINISH	spanEditSelected	
2018-09-25 13:48:06,989	crunchy	/policies/google/	Google_current	START	deleteSpan	T7
2018-09-25 13:48:07,019	crunchy	/policies/google/	Google_current	FINISH	deleteSpan	T7
2018-09-25 13:48:07,884	crunchy	/policies/google/	Google_current	START	spanEditSelected	
2018-09-25 13:48:07,885	crunchy	/policies/google/	Google_current	FINISH	spanEditSelected	
2018-09-25 13:48:08,935	crunchy	/policies/google/	Google_current	START	deleteSpan	T1
2018-09-25 13:48:08,964	crunchy	/policies/google/	Google_current	FINISH	deleteSpan	T1
2018-09-25 13:48:10,772	crunchy	/policies/google/	Google_current	START	spanSelected	
2018-09-25 13:48:10,772	crunchy	/policies/google/	Google_current	FINISH	spanSelected	
2018-09-25 13:49:20,299	crunchy	/policies/google/	Google_current	START	getDocument	
2018-09-25 13:49:20,319	crunchy	/policies/google/	Google_current	FINISH	getDocument	
2018-09-25 13:49:29,942	crunchy	/policies/google/	Google_current	START	spanSelected	
2018-09-25 13:49:29,942	crunchy	/policies/google/	Google_current	FINISH	spanSelected	
2018-09-25 13:49:31,031	crunchy	/policies/google/	Google_current	START	createSpan	[[0,2]]	Recipient	{"Negation":false}	[]	None	None
2018-09-25 13:49:31,063	crunchy	/policies/google/	Google_current	FINISH	createSpan	[[0,2]]	Recipient	{"Negation":false}	[]	None	None
2018-09-25 13:49:33,654	crunchy	/policies/google/	Google_current	START	spanSelected	
2018-09-25 13:49:33,654	crunchy	/policies/google/	Google_current	FINISH	spanSelected	
2018-09-25 13:49:34,648	crunchy	/policies/google/	Google_current	START	createSpan	[[11,22]]	Attribute	{"Negation":false}	[]	None	None
2018-09-25 13:49:34,679	crunchy	/policies/google/	Google_current	FINISH	createSpan	[[11,22]]	Attribute	{"Negation":false}	[]	None	None
2018-09-25 13:49:38,704	crunchy	/policies/google/	Google_current	START	spanSelected	
2018-09-25 13:49:38,705	crunchy	/policies/google/	Google_current	FINISH	spanSelected	
2018-09-25 13:49:39,631	crunchy	/policies/google/	Google_current	START	createSpan	[[23,69]]	Transmission-Principle	{"Negation":false}	[]	None	None
2018-09-25 13:49:39,664	crunchy	/policies/google/	Google_current	FINISH	createSpan	[[23,69]]	Transmission-Principle	{"Negation":false}	[]	None	None
2018-09-25 13:49:50,977	crunchy	/policies/google/	Google_current	START	spanSelected	
2018-09-25 13:49:50,977	crunchy	/policies/google/	Google_current	FINISH	spanSelected	
2018-09-25 13:49:52,032	crunchy	/policies/google/	Google_current	START	createSpan	[[278,280]]	Recipient	{"Negation":false}	[]	None	None
2018-09-25 13:49:52,065	crunchy	/policies/google/	Google_current	FINISH	createSpan	[[278,280]]	Recipient	{"Negation":false}	[]	None	None
2018-09-25 13:49:53,349	crunchy	/policies/google/	Google_current	START	spanSelected	
2018-09-25 13:49:53,350	crunchy	/policies/google/	Google_current	FINISH	spanSelected	
2018-09-25 13:49:55,036	crunchy	/policies/google/	Google_current	START	createSpan	[[289,300]]	Attribute	{"Negation":false}	[]	None	None
2018-09-25 13:49:55,068	crunchy	/policies/google/	Google_current	FINISH	createSpan	[[289,300]]	Attribute	{"Negation":false}	[]	None	None
2018-09-25 13:49:57,937	crunchy	/policies/google/	Google_current	START	spanSelected	
2018-09-25 13:49:57,937	crunchy	/policies/google/	Google_current	FINISH	spanSelected	
2018-09-25 13:49:58,896	crunchy	/policies/google/	Google_current	START	createSpan	[[302,347]]	Transmission-Principle	{"Negation":false}	[]	None	None
2018-09-25 13:49:58,930	crunchy	/policies/google/	Google_current	FINISH	createSpan	[[302,347]]	Transmission-Principle	{"Negation":false}	[]	None	None
2018-09-25 13:50:01,631	crunchy	/policies/google/	Google_current	START	arcSelected	
2018-09-25 13:50:01,631	crunchy	/policies/google/	Google_current	FINISH	arcSelected	
2018-09-25 13:50:02,930	crunchy	/policies/google/	Google_current	START	createArc	T1	T2	Flow	None	None	None	None
2018-09-25 13:50:02,964	crunchy	/policies/google/	Google_current	FINISH	createArc	T1	T2	Flow	None	None	None	None
2018-09-25 13:50:04,593	crunchy	/policies/google/	Google_current	START	arcSelected	
2018-09-25 13:50:04,594	crunchy	/policies/google/	Google_current	FINISH	arcSelected	
2018-09-25 13:50:05,462	crunchy	/policies/google/	Google_current	START	createArc	T2	T3	Flow	None	None	None	None
2018-09-25 13:50:05,494	crunchy	/policies/google/	Google_current	FINISH	createArc	T2	T3	Flow	None	None	None	None
2018-09-25 13:50:07,209	crunchy	/policies/google/	Google_current	START	arcSelected	
2018-09-25 13:50:07,209	crunchy	/policies/google/	Google_current	FINISH	arcSelected	
2018-09-25 13:50:08,338	crunchy	/policies/google/	Google_current	START	createArc	T4	T5	Flow	None	None	None	None
2018-09-25 13:50:08,368	crunchy	/policies/google/	Google_current	FINISH	createArc	T4	T5	Flow	None	None	None	None
2018-09-25 13:50:10,406	crunchy	/policies/google/	Google_current	START	arcSelected	
2018-09-25 13:50:10,407	crunchy	/policies/google/	Google_current	FINISH	arcSelected	
2018-09-25 13:50:11,371	crunchy	/policies/google/	Google_current	START	createArc	T5	T6	Flow	None	None	None	None
2018-09-25 13:50:11,403	crunchy	/policies/google/	Google_current	FINISH	createArc	T5	T6	Flow	None	None	None	None
2018-09-25 13:51:25,356	crunchy	/policies/google/	Google_current	START	getDocument	
2018-09-25 13:51:25,387	crunchy	/policies/google/	Google_current	FINISH	getDocument	
2018-09-25 13:56:33,122	crunchy	/policies/google/	whatsapp_current	START	getDocument	
2018-09-25 14:45:28,339	anonymous	/policies/google/	Google_current.txt	START	getDocument	
2018-09-25 14:45:30,743	anonymous	/policies/google/	Google_current	START	getDocument	
2018-09-25 14:45:30,776	anonymous	/policies/google/	Google_current	FINISH	getDocument	
2018-09-25 14:45:30,936	anonymous	/policies/google/	Google_current	START	getDocument	
2018-09-25 14:45:30,954	anonymous	/policies/google/	Google_current	FINISH	getDocument	
2018-12-04 15:46:04,787	anonymous	/policies/google/	Google_current	START	getDocument	
2018-12-04 15:46:04,790	anonymous	/policies/google/	Google_current	FINISH	getDocument	
2018-12-04 15:46:18,135	crunchy	/policies/google/	Google_current	START	spanSelected	
2018-12-04 15:46:18,135	crunchy	/policies/google/	Google_current	FINISH	spanSelected	
2018-12-04 15:49:12,537	crunchy	/policies/google/	Google_current	START	spanSelected	
2018-12-04 15:49:12,537	crunchy	/policies/google/	Google_current	FINISH	spanSelected	
2018-12-04 15:49:17,963	crunchy	/policies/google/	Google_current	START	getDocument	
2018-12-04 15:49:17,966	crunchy	/policies/google/	Google_current	FINISH	getDocument	
2018-12-04 15:49:19,288	crunchy	/policies/google/	Google_current	START	spanSelected	
2018-12-04 15:49:19,288	crunchy	/policies/google/	Google_current	FINISH	spanSelected	
2018-12-04 15:49:22,827	crunchy	/policies/google/	Google_current	START	createSpan	[[391,399]]	Aim	{"Negation":false}	[]	None	None
2018-12-04 15:49:22,837	crunchy	/policies/google/	Google_current	FINISH	createSpan	[[391,399]]	Aim	{"Negation":false}	[]	None	None
2018-12-04 15:49:25,150	crunchy	/policies/google/	Google_current	START	spanSelected	
2018-12-04 15:49:25,150	crunchy	/policies/google/	Google_current	FINISH	spanSelected	
2018-12-04 15:49:34,352	crunchy	/policies/google/	Google_current	START	spanSelected	
2018-12-04 15:49:34,352	crunchy	/policies/google/	Google_current	FINISH	spanSelected	
2018-12-04 15:49:39,699	crunchy	/policies/google/	Google_current	START	spanEditSelected	
2018-12-04 15:49:39,700	crunchy	/policies/google/	Google_current	FINISH	spanEditSelected	
2018-12-04 16:02:27,429	crunchy	/policies/google/	Google_current	START	getDocument	
2018-12-04 16:02:27,433	crunchy	/policies/google/	Google_current	FINISH	getDocument	
2018-12-04 16:02:31,481	crunchy	/policies/google/	Google_current	START	spanSelected	
2018-12-04 16:02:31,482	crunchy	/policies/google/	Google_current	FINISH	spanSelected	
2018-12-04 16:02:38,361	crunchy	/policies/google/	Google_current	START	createSpan	[[391,409]]	Transmission-Principle	{"Aim":true,"Modality":false,"Condition":false,"Consequence":false}	[]	None	None
2018-12-04 16:02:38,371	crunchy	/policies/google/	Google_current	FINISH	createSpan	[[391,409]]	Transmission-Principle	{"Aim":true,"Modality":false,"Condition":false,"Consequence":false}	[]	None	None
2018-12-04 16:02:44,711	crunchy	/policies/google/	Google_current	START	spanSelected	
2018-12-04 16:02:44,711	crunchy	/policies/google/	Google_current	FINISH	spanSelected	
2018-12-04 16:02:49,917	crunchy	/policies/google/	Google_current	START	createSpan	[[419,444]]	Attribute	{"Aim":false,"Modality":true,"Condition":false,"Consequence":false}	[]	None	None
2018-12-04 16:02:49,926	crunchy	/policies/google/	Google_current	FINISH	createSpan	[[419,444]]	Attribute	{"Aim":false,"Modality":true,"Condition":false,"Consequence":false}	[]	None	None
2018-12-04 16:02:52,266	crunchy	/policies/google/	Google_current	START	spanEditSelected	
2018-12-04 16:02:52,266	crunchy	/policies/google/	Google_current	FINISH	spanEditSelected	
2018-12-04 16:03:04,325	crunchy	/policies/google/	Google_current	START	createSpan	[[419,444]]	Attribute	{"Aim":false,"Modality":false,"Condition":false,"Consequence":true}	[]	T9	None
2018-12-04 16:03:04,334	crunchy	/policies/google/	Google_current	FINISH	createSpan	[[419,444]]	Attribute	{"Aim":false,"Modality":false,"Condition":false,"Consequence":true}	[]	T9	None
2018-12-04 16:08:35,015	crunchy	/policies/google/	Google_current	START	getDocument	
2018-12-04 16:08:35,020	crunchy	/policies/google/	Google_current	FINISH	getDocument	
2018-12-04 16:08:37,387	crunchy	/policies/google/	Google_current	START	spanSelected	
2018-12-04 16:08:37,387	crunchy	/policies/google/	Google_current	FINISH	spanSelected	
2018-12-04 16:08:43,703	crunchy	/policies/google/	Google_current	START	createSpan	[[449,472]]	Transmission-Principle	{"TP":"Aim"}	[]	None	None
2018-12-04 16:08:43,712	crunchy	/policies/google/	Google_current	FINISH	createSpan	[[449,472]]	Transmission-Principle	{"TP":"Aim"}	[]	None	None
2018-12-04 16:14:43,965	crunchy	/policies/google/	Google_current	START	getDocument	
2018-12-04 16:14:43,971	crunchy	/policies/google/	Google_current	FINISH	getDocument	
2018-12-04 16:14:45,808	crunchy	/policies/google/	Google_current	START	spanSelected	
2018-12-04 16:14:45,809	crunchy	/policies/google/	Google_current	FINISH	spanSelected	
2018-12-04 16:15:27,373	crunchy	/policies/google/	Google_current	START	getDocument	
2018-12-04 16:15:27,377	crunchy	/policies/google/	Google_current	FINISH	getDocument	
2018-12-04 16:15:30,037	crunchy	/policies/google/	Google_current	START	spanSelected	
2018-12-04 16:15:30,037	crunchy	/policies/google/	Google_current	FINISH	spanSelected	
2018-12-04 16:17:36,422	crunchy	/policies/google/	Google_current	START	getDocument	
2018-12-04 16:17:36,427	crunchy	/policies/google/	Google_current	FINISH	getDocument	
2018-12-04 16:17:38,547	crunchy	/policies/google/	Google_current	START	spanSelected	
2018-12-04 16:17:38,548	crunchy	/policies/google/	Google_current	FINISH	spanSelected	
2018-12-04 16:19:31,598	crunchy	/policies/google/	Google_current	START	spanSelected	
2018-12-04 16:19:31,599	crunchy	/policies/google/	Google_current	FINISH	spanSelected	
2018-12-04 16:19:43,283	crunchy	/policies/google/	Google_current	START	spanSelected	
2018-12-04 16:19:43,283	crunchy	/policies/google/	Google_current	FINISH	spanSelected	
2018-12-04 16:19:54,591	crunchy	/policies/google/	Google_current	START	createSpan	[[102,121]]	Transmission-Principle_	{"TP":"Aim"}	[]	None	None
2018-12-04 16:19:54,601	crunchy	/policies/google/	Google_current	FINISH	createSpan	[[102,121]]	Transmission-Principle_	{"TP":"Aim"}	[]	None	None
2018-12-04 16:20:11,478	crunchy	/policies/google/	Google_current	START	getDocument	
2018-12-04 16:20:11,482	crunchy	/policies/google/	Google_current	FINISH	getDocument	
2018-12-04 16:20:12,563	crunchy	/policies/google/	Google_current	START	spanSelected	
2018-12-04 16:20:12,563	crunchy	/policies/google/	Google_current	FINISH	spanSelected	
2018-12-04 16:21:30,219	crunchy	/policies/google/	Google_current	START	getDocument	
2018-12-04 16:21:30,223	crunchy	/policies/google/	Google_current	FINISH	getDocument	
2018-12-04 16:21:31,447	crunchy	/policies/google/	Google_current	START	spanSelected	
2018-12-04 16:21:31,447	crunchy	/policies/google/	Google_current	FINISH	spanSelected	
2018-12-04 16:21:43,146	crunchy	/policies/google/	Google_current	START	getDocument	
2018-12-04 16:21:43,150	crunchy	/policies/google/	Google_current	FINISH	getDocument	
2018-12-04 16:21:44,082	crunchy	/policies/google/	Google_current	START	spanSelected	
2018-12-04 16:21:44,082	crunchy	/policies/google/	Google_current	FINISH	spanSelected	
2018-12-04 16:21:54,757	crunchy	/policies/google/	Google_current	START	spanSelected	
2018-12-04 16:21:54,758	crunchy	/policies/google/	Google_current	FINISH	spanSelected	
2018-12-04 16:24:19,043	crunchy	/policies/google/	Google_current	START	getDocument	
2018-12-04 16:24:19,047	crunchy	/policies/google/	Google_current	FINISH	getDocument	
2018-12-04 16:24:19,849	crunchy	/policies/google/	Google_current	START	spanSelected	
2018-12-04 16:24:19,850	crunchy	/policies/google/	Google_current	FINISH	spanSelected	
2018-12-04 16:24:26,863	crunchy	/policies/google/	Google_current	START	getDocument	
2018-12-04 16:24:26,869	crunchy	/policies/google/	Google_current	FINISH	getDocument	
2018-12-04 16:24:27,529	crunchy	/policies/google/	Google_current	START	spanSelected	
2018-12-04 16:24:27,530	crunchy	/policies/google/	Google_current	FINISH	spanSelected	
2018-12-04 16:24:46,549	crunchy	/policies/google/	Google_current	START	getDocument	
2018-12-04 16:24:46,553	crunchy	/policies/google/	Google_current	FINISH	getDocument	
2018-12-04 16:24:48,851	crunchy	/policies/google/	Google_current	START	spanSelected	
2018-12-04 16:24:48,851	crunchy	/policies/google/	Google_current	FINISH	spanSelected	
2018-12-04 16:24:59,534	crunchy	/policies/google/	Google_current	START	createSpan	[[132,140]]	Transmission_Principle	{}	[]	None	None
2018-12-04 16:24:59,545	crunchy	/policies/google/	Google_current	FINISH	createSpan	[[132,140]]	Transmission_Principle	{}	[]	None	None
2018-12-04 16:25:00,919	crunchy	/policies/google/	Google_current	START	spanSelected	
2018-12-04 16:25:00,919	crunchy	/policies/google/	Google_current	FINISH	spanSelected	
2018-12-04 16:25:20,534	crunchy	/policies/google/	Google_current	START	getDocument	
2018-12-04 16:25:20,539	crunchy	/policies/google/	Google_current	FINISH	getDocument	
2018-12-04 16:25:22,112	crunchy	/policies/google/	Google_current	START	spanSelected	
2018-12-04 16:25:22,112	crunchy	/policies/google/	Google_current	FINISH	spanSelected	
2018-12-04 16:25:30,451	crunchy	/policies/google/	Google_current	START	createSpan	[[141,160]]	Transmission_Principle	{"TP":"Modality"}	[]	None	None
2018-12-04 16:25:30,461	crunchy	/policies/google/	Google_current	FINISH	createSpan	[[141,160]]	Transmission_Principle	{"TP":"Modality"}	[]	None	None
2018-12-04 16:25:53,665	crunchy	/policies/google/	Google_current	START	getDocument	
2018-12-04 16:25:53,669	crunchy	/policies/google/	Google_current	FINISH	getDocument	
2018-12-04 16:25:54,858	crunchy	/policies/google/	Google_current	START	spanSelected	
2018-12-04 16:25:54,858	crunchy	/policies/google/	Google_current	FINISH	spanSelected	
2018-12-04 16:26:32,451	crunchy	/policies/google/	Google_current	START	getDocument	
2018-12-04 16:26:32,455	crunchy	/policies/google/	Google_current	FINISH	getDocument	
2018-12-04 16:26:33,343	crunchy	/policies/google/	Google_current	START	spanSelected	
2018-12-04 16:26:33,343	crunchy	/policies/google/	Google_current	FINISH	spanSelected	
2018-12-04 16:32:31,866	crunchy	/policies/FEMA/	fema	START	getDocument	
2018-12-04 16:32:59,870	crunchy	/policies/FEMA/	fema	START	getDocument	
2018-12-04 16:32:59,904	crunchy	/policies/FEMA/	fema	FINISH	getDocument	
2018-12-04 16:33:22,031	crunchy	/policies/FEMA/	fema	START	spanSelected	
2018-12-04 16:33:22,032	crunchy	/policies/FEMA/	fema	FINISH	spanSelected	
2018-12-04 16:34:48,693	crunchy	/policies/FEMA/	fema	START	getDocument	
2018-12-04 16:34:48,717	crunchy	/policies/FEMA/	fema	FINISH	getDocument	
2018-12-04 16:35:00,067	crunchy	/policies/FEMA/	fema	START	getDocument	
2018-12-04 16:35:00,090	crunchy	/policies/FEMA/	fema	FINISH	getDocument	
2018-12-04 16:38:34,989	crunchy	/policies/FEMA/	fema	START	getDocument	
2018-12-04 16:38:35,014	crunchy	/policies/FEMA/	fema	FINISH	getDocument	
2018-12-04 16:38:42,351	crunchy	/policies/FEMA/	fema	START	spanSelected	
2018-12-04 16:38:42,352	crunchy	/policies/FEMA/	fema	FINISH	spanSelected	
